[debug] [2024-10-23T15:33:12.202Z] : 
[debug] [2024-10-23T15:33:12.204Z] : ----------------------------------------------------------------------
[debug] [2024-10-23T15:33:12.204Z] : Command:      C:\Program Files\nodejs\node.exe C:\Users\BANU\AppData\Roaming\npm\node_modules\zcatalyst-cli\lib\bin\catalyst.js serve
[debug] [2024-10-23T15:33:12.205Z] : CLI Version:  1.17.6
[debug] [2024-10-23T15:33:12.205Z] : Platform:     win32
[debug] [2024-10-23T15:33:12.205Z] : Node Version: v22.8.0
[debug] [2024-10-23T15:33:12.205Z] : Time:         Wed Oct 23 2024 21:03:12 GMT+0530 (India Standard Time)
[debug] [2024-10-23T15:33:12.205Z] : ----------------------------------------------------------------------
[debug] [2024-10-23T15:33:12.205Z] : 
[debug] [2024-10-23T15:33:13.132Z] : > authorizing via signed-in user option
[debug] [2024-10-23T15:33:13.133Z] : > command requires scopes: ["ZohoCatalyst.projects.ALL","ZohoCatalyst.functions.ALL","ZohoCatalyst.functions.EXECUTE","ZohoCatalyst.webapp.ALL","ZohoCatalyst.pdfshot.execute","ZohoCatalyst.authentication.CREATE"]
[debug] [2024-10-23T15:33:13.149Z] : >>>> HTTP REQUEST : GET https://api.catalyst.zoho.com/baas/v1/project/26620000000008078 

[debug] [2024-10-23T15:33:14.635Z] : <<<< HTTP RESPONSE : 200
Response Headers: {"server":"ZGS","date":"Wed, 23 Oct 2024 15:33:13 GMT","content-type":"application/vnd.catalyst.v2+json","transfer-encoding":"chunked","connection":"keep-alive","set-cookie":["zalb_46512fd555=4ead9897700827f973c0f7dbded7f673; Path=/; Secure; HttpOnly","ZD_CSRF_TOKEN=2b31ccf1-6eb6-423b-9482-7fecc4f455f1;path=/;SameSite=None;Secure;priority=high","_zcsr_tmp=2b31ccf1-6eb6-423b-9482-7fecc4f455f1;path=/;SameSite=Strict;Secure;priority=high"],"x-content-type-options":"nosniff","x-xss-protection":"1","cache-control":"private,no-cache,no-store,max-age=0,must-revalidate","pragma":"no-cache","expires":"Thu, 01 Jan 1970 00:00:00 GMT","x-frame-options":"DENY","strict-transport-security":"max-age=63072000"}

[debug] [2024-10-23T15:33:14.645Z] : >>>> HTTP REQUEST : GET https://api.catalyst.zoho.com/baas/v1/project/26620000000008078/environment 

[debug] [2024-10-23T15:33:15.031Z] : <<<< HTTP RESPONSE : 200
Response Headers: {"server":"ZGS","date":"Wed, 23 Oct 2024 15:33:14 GMT","content-type":"application/vnd.catalyst.v2+json","transfer-encoding":"chunked","connection":"keep-alive","set-cookie":["zalb_46512fd555=bbdfb771565421abbe10f7a180903d28; Path=/; Secure; HttpOnly","ZD_CSRF_TOKEN=d9c122ac-07ef-4004-8709-e22b518eea05;path=/;SameSite=None;Secure;priority=high","_zcsr_tmp=d9c122ac-07ef-4004-8709-e22b518eea05;path=/;SameSite=Strict;Secure;priority=high"],"x-content-type-options":"nosniff","x-xss-protection":"1","cache-control":"private,no-cache,no-store,max-age=0,must-revalidate","pragma":"no-cache","expires":"Thu, 01 Jan 1970 00:00:00 GMT","x-frame-options":"DENY","strict-transport-security":"max-age=63072000"}

[debug] [2024-10-23T15:33:15.286Z] : http port : '3000' is not available. Hence port '3003' will be used instead.
[debug] [2024-10-23T15:33:15.399Z] : No basic functions to add
[info] [2024-10-23T15:33:17.542Z] : [react-plugin]: Starting the development server...

[info] [2024-10-23T15:33:17.544Z] : 
[info] [2024-10-23T15:33:17.544Z] : i Client[logs-dashboard]: Plugin : "zcatalyst-cli-plugin-react" is used for client serve
[info] [2024-10-23T15:33:17.545Z] : 
[info] [2024-10-23T15:33:19.147Z] : 
[info] [2024-10-23T15:33:19.147Z] :  >>>>>>>>>>>>> Web Client <<<<<<<<<<<<
[info] [2024-10-23T15:33:19.147Z] : i client[logs-dashboard]: http://localhost:3003/app/
[info] [2024-10-23T15:33:19.148Z] : 
[info] [2024-10-23T15:33:23.203Z] : [react-plugin]: Compiled successfully!
[info] [2024-10-23T15:33:23.203Z] : [react-plugin]: 
[info] [2024-10-23T15:33:23.203Z] : [react-plugin]: You can now view logs-dashboard in the browser.
[info] [2024-10-23T15:33:23.203Z] : [react-plugin]: 
[info] [2024-10-23T15:33:23.204Z] : [react-plugin]:   Local:            http://localhost:3003/app/
[info] [2024-10-23T15:33:23.204Z] : [react-plugin]:   On Your Network:  http://192.168.170.52:3003/app/
[info] [2024-10-23T15:33:23.204Z] : [react-plugin]: 
[info] [2024-10-23T15:33:23.204Z] : [react-plugin]: Note that the development build is not optimized.
[info] [2024-10-23T15:33:23.205Z] : [react-plugin]: To create a production build, use npm run build.
[info] [2024-10-23T15:33:23.205Z] : [react-plugin]: 
[info] [2024-10-23T15:33:50.569Z] : [react-plugin]: Compiling...
[info] [2024-10-23T15:33:51.305Z] : [react-plugin]: Compiled successfully!
[info] [2024-10-23T15:33:51.306Z] : [react-plugin]: 
[info] [2024-10-23T15:33:51.306Z] : [react-plugin]: You can now view logs-dashboard in the browser.
[info] [2024-10-23T15:33:51.306Z] : [react-plugin]: 
[info] [2024-10-23T15:33:51.307Z] : [react-plugin]:   Local:            http://localhost:3003/app/
[info] [2024-10-23T15:33:51.308Z] : [react-plugin]:   On Your Network:  http://192.168.170.52:3003/app/
[info] [2024-10-23T15:33:51.308Z] : [react-plugin]: 
[info] [2024-10-23T15:33:51.309Z] : [react-plugin]: Note that the development build is not optimized.
[info] [2024-10-23T15:33:51.310Z] : [react-plugin]: To create a production build, use npm run build.
[info] [2024-10-23T15:33:51.310Z] : [react-plugin]: 
[info] [2024-10-23T15:33:52.080Z] : [react-plugin]: Compiling...
[info] [2024-10-23T15:33:52.321Z] : [react-plugin]: Compiled successfully!
[info] [2024-10-23T15:33:52.321Z] : [react-plugin]: 
[info] [2024-10-23T15:33:52.321Z] : [react-plugin]: You can now view logs-dashboard in the browser.
[info] [2024-10-23T15:33:52.322Z] : [react-plugin]: 
[info] [2024-10-23T15:33:52.322Z] : [react-plugin]:   Local:            http://localhost:3003/app/
[info] [2024-10-23T15:33:52.322Z] : [react-plugin]:   On Your Network:  http://192.168.170.52:3003/app/
[info] [2024-10-23T15:33:52.322Z] : [react-plugin]: 
[info] [2024-10-23T15:33:52.322Z] : [react-plugin]: Note that the development build is not optimized.
[info] [2024-10-23T15:33:52.322Z] : [react-plugin]: To create a production build, use npm run build.
[info] [2024-10-23T15:33:52.322Z] : [react-plugin]: 
[info] [2024-10-23T15:33:53.968Z] : [react-plugin]: Compiling...
[info] [2024-10-23T15:33:54.190Z] : [react-plugin]: Compiled successfully!
[info] [2024-10-23T15:33:54.190Z] : [react-plugin]: 
[info] [2024-10-23T15:33:54.191Z] : [react-plugin]: You can now view logs-dashboard in the browser.
[info] [2024-10-23T15:33:54.191Z] : [react-plugin]: 
[info] [2024-10-23T15:33:54.191Z] : [react-plugin]:   Local:            http://localhost:3003/app/
[info] [2024-10-23T15:33:54.191Z] : [react-plugin]:   On Your Network:  http://192.168.170.52:3003/app/
[info] [2024-10-23T15:33:54.191Z] : [react-plugin]: 
[info] [2024-10-23T15:33:54.191Z] : [react-plugin]: Note that the development build is not optimized.
[info] [2024-10-23T15:33:54.192Z] : [react-plugin]: To create a production build, use npm run build.
[info] [2024-10-23T15:33:54.192Z] : [react-plugin]: 
[info] [2024-10-23T15:34:11.464Z] : Shutting down server
[info] [2024-10-23T15:34:11.474Z] : 
[info] [2024-10-23T15:34:11.476Z] : √ Shutdown complete
[debug] [2024-10-23T15:34:11.476Z] : NO ERRORS REGISTERED
[debug] [2024-10-23T15:34:11.477Z] : EXEC ENDED with event: serve, message: success
[debug] [2024-10-23T15:34:11.477Z] : TOTAL DURATION OF COMMAND EXEC : 58364
[debug] [2024-10-23T15:34:11.484Z] : >>>> HTTP REQUEST : POST https://api.catalyst.zoho.com/baas/v1/cli/logs 
<request body omitted>

[debug] [2024-10-23T15:34:13.430Z] : <<<< HTTP RESPONSE : 200
Response Headers: {"server":"ZGS","date":"Wed, 23 Oct 2024 15:34:12 GMT","content-length":"0","connection":"keep-alive","set-cookie":["zalb_46512fd555=4ead9897700827f973c0f7dbded7f673; Path=/; Secure; HttpOnly","ZD_CSRF_TOKEN=444b713a-f0ea-4e44-87af-c6094ed8aa1f;path=/;SameSite=None;Secure;priority=high","_zcsr_tmp=444b713a-f0ea-4e44-87af-c6094ed8aa1f;path=/;SameSite=Strict;Secure;priority=high"],"x-content-type-options":"nosniff","x-xss-protection":"1","cache-control":"private,no-cache,no-store,max-age=0,must-revalidate","pragma":"no-cache","expires":"Thu, 01 Jan 1970 00:00:00 GMT","x-frame-options":"DENY","strict-transport-security":"max-age=63072000"}

[debug] [2024-10-23T15:34:21.201Z] : 
[debug] [2024-10-23T15:34:21.203Z] : ----------------------------------------------------------------------
[debug] [2024-10-23T15:34:21.203Z] : Command:      C:\Program Files\nodejs\node.exe C:\Users\BANU\AppData\Roaming\npm\node_modules\zcatalyst-cli\lib\bin\catalyst.js deploy
[debug] [2024-10-23T15:34:21.204Z] : CLI Version:  1.17.6
[debug] [2024-10-23T15:34:21.204Z] : Platform:     win32
[debug] [2024-10-23T15:34:21.204Z] : Node Version: v22.8.0
[debug] [2024-10-23T15:34:21.204Z] : Time:         Wed Oct 23 2024 21:04:21 GMT+0530 (India Standard Time)
[debug] [2024-10-23T15:34:21.205Z] : ----------------------------------------------------------------------
[debug] [2024-10-23T15:34:21.205Z] : 
[debug] [2024-10-23T15:34:22.143Z] : > authorizing via signed-in user option
[debug] [2024-10-23T15:34:22.143Z] : > command requires scopes: ["ZohoCatalyst.projects.ALL","ZohoCatalyst.functions.ALL","ZohoCatalyst.webapp.ALL","ZohoCatalyst.appsail.Update"]
[debug] [2024-10-23T15:34:22.160Z] : >>>> HTTP REQUEST : GET https://api.catalyst.zoho.com/baas/v1/project/26620000000008078 

[debug] [2024-10-23T15:34:23.326Z] : <<<< HTTP RESPONSE : 200
Response Headers: {"server":"ZGS","date":"Wed, 23 Oct 2024 15:34:22 GMT","content-type":"application/vnd.catalyst.v2+json","transfer-encoding":"chunked","connection":"keep-alive","set-cookie":["zalb_46512fd555=bbdfb771565421abbe10f7a180903d28; Path=/; Secure; HttpOnly","ZD_CSRF_TOKEN=7bdde019-a34d-4bc8-bf75-750bf07f479a;path=/;SameSite=None;Secure;priority=high","_zcsr_tmp=7bdde019-a34d-4bc8-bf75-750bf07f479a;path=/;SameSite=Strict;Secure;priority=high"],"x-content-type-options":"nosniff","x-xss-protection":"1","cache-control":"private,no-cache,no-store,max-age=0,must-revalidate","pragma":"no-cache","expires":"Thu, 01 Jan 1970 00:00:00 GMT","x-frame-options":"DENY","strict-transport-security":"max-age=63072000"}

[debug] [2024-10-23T15:34:23.336Z] : >>>> HTTP REQUEST : GET https://api.catalyst.zoho.com/baas/v1/project/26620000000008078/environment 

[debug] [2024-10-23T15:34:23.709Z] : <<<< HTTP RESPONSE : 200
Response Headers: {"server":"ZGS","date":"Wed, 23 Oct 2024 15:34:23 GMT","content-type":"application/vnd.catalyst.v2+json","transfer-encoding":"chunked","connection":"keep-alive","set-cookie":["zalb_46512fd555=b14009a6059feb83ee8aa1c715a015c5; Path=/; Secure; HttpOnly","ZD_CSRF_TOKEN=26b9c6cf-8d14-40c1-907a-5dd828a35ba3;path=/;SameSite=None;Secure;priority=high","_zcsr_tmp=26b9c6cf-8d14-40c1-907a-5dd828a35ba3;path=/;SameSite=Strict;Secure;priority=high"],"x-content-type-options":"nosniff","x-xss-protection":"1","cache-control":"private,no-cache,no-store,max-age=0,must-revalidate","pragma":"no-cache","expires":"Thu, 01 Jan 1970 00:00:00 GMT","x-frame-options":"DENY","strict-transport-security":"max-age=63072000"}

[info] [2024-10-23T15:34:23.837Z] : i Plugin : "zcatalyst-cli-plugin-react" is used for client deploy
[info] [2024-10-23T15:34:23.837Z] : i Building Application...
[info] [2024-10-23T15:34:25.583Z] : [react-plugin]: Creating an optimized production build...
[info] [2024-10-23T15:34:34.458Z] : [react-plugin]: Compiled successfully.

[info] [2024-10-23T15:34:34.459Z] : [react-plugin]: File sizes after gzip:

[info] [2024-10-23T15:34:34.470Z] : [react-plugin]:   52.67 kB  build\static\js\main.7e65f6d6.js
[info] [2024-10-23T15:34:34.470Z] : [react-plugin]:   1.67 kB   build\static\js\453.d5dbb212.chunk.js
[info] [2024-10-23T15:34:34.471Z] : [react-plugin]:   929 B     build\static\css\main.d5cef396.css
[info] [2024-10-23T15:34:34.471Z] : [react-plugin]:  
[debug] [2024-10-23T15:34:34.794Z] : >>>> HTTP REQUEST : POST https://api.catalyst.zoho.com/baas/v1/project/26620000000008078/webapp 

[debug] [2024-10-23T15:34:39.213Z] : <<<< HTTP RESPONSE : 200
Response Headers: {"server":"ZGS","date":"Wed, 23 Oct 2024 15:34:38 GMT","content-type":"application/vnd.catalyst.v2+json","transfer-encoding":"chunked","connection":"keep-alive","set-cookie":["zalb_46512fd555=4ead9897700827f973c0f7dbded7f673; Path=/; Secure; HttpOnly","ZD_CSRF_TOKEN=5e92f3dc-95e4-4d4a-8de8-9418ec1b27ec;path=/;SameSite=None;Secure;priority=high","_zcsr_tmp=5e92f3dc-95e4-4d4a-8de8-9418ec1b27ec;path=/;SameSite=Strict;Secure;priority=high"],"x-content-type-options":"nosniff","x-xss-protection":"1","cache-control":"private,no-cache,no-store,max-age=0,must-revalidate","pragma":"no-cache","expires":"Thu, 01 Jan 1970 00:00:00 GMT","x-frame-options":"DENY","strict-transport-security":"max-age=63072000"}

[info] [2024-10-23T15:34:39.216Z] : 
[info] [2024-10-23T15:34:39.217Z] : √ client: deploy successful
[info] [2024-10-23T15:34:39.217Z] : i client: URL => https://logs-dashboard-869583102.development.catalystserverless.com/app/index.html
[info] [2024-10-23T15:34:39.218Z] : 
[info] [2024-10-23T15:34:39.218Z] : √ Catalyst deploy complete!
[debug] [2024-10-23T15:34:39.218Z] : NO ERRORS REGISTERED
[debug] [2024-10-23T15:34:39.219Z] : EXEC ENDED with event: deploy, message: success
[debug] [2024-10-23T15:34:39.219Z] : TOTAL DURATION OF COMMAND EXEC : 17096
[debug] [2024-10-23T15:34:39.313Z] : >>>> HTTP REQUEST : POST https://api.catalyst.zoho.com/baas/v1/cli/logs 
<request body omitted>

[debug] [2024-10-23T15:34:39.811Z] : <<<< HTTP RESPONSE : 200
Response Headers: {"server":"ZGS","date":"Wed, 23 Oct 2024 15:34:39 GMT","content-length":"0","connection":"keep-alive","set-cookie":["zalb_46512fd555=b14009a6059feb83ee8aa1c715a015c5; Path=/; Secure; HttpOnly","ZD_CSRF_TOKEN=0783f965-78b2-4b8d-9e51-1eb14b3b9f0d;path=/;SameSite=None;Secure;priority=high","_zcsr_tmp=0783f965-78b2-4b8d-9e51-1eb14b3b9f0d;path=/;SameSite=Strict;Secure;priority=high"],"x-content-type-options":"nosniff","x-xss-protection":"1","cache-control":"private,no-cache,no-store,max-age=0,must-revalidate","pragma":"no-cache","expires":"Thu, 01 Jan 1970 00:00:00 GMT","x-frame-options":"DENY","strict-transport-security":"max-age=63072000"}

[debug] [2024-10-23T15:35:51.743Z] : 
[debug] [2024-10-23T15:35:51.746Z] : ----------------------------------------------------------------------
[debug] [2024-10-23T15:35:51.746Z] : Command:      C:\Program Files\nodejs\node.exe C:\Users\BANU\AppData\Roaming\npm\node_modules\zcatalyst-cli\lib\bin\catalyst.js deploy
[debug] [2024-10-23T15:35:51.746Z] : CLI Version:  1.17.6
[debug] [2024-10-23T15:35:51.747Z] : Platform:     win32
[debug] [2024-10-23T15:35:51.747Z] : Node Version: v22.8.0
[debug] [2024-10-23T15:35:51.747Z] : Time:         Wed Oct 23 2024 21:05:51 GMT+0530 (India Standard Time)
[debug] [2024-10-23T15:35:51.747Z] : ----------------------------------------------------------------------
[debug] [2024-10-23T15:35:51.747Z] : 
[debug] [2024-10-23T15:35:52.656Z] : > authorizing via signed-in user option
[debug] [2024-10-23T15:35:52.657Z] : > command requires scopes: ["ZohoCatalyst.projects.ALL","ZohoCatalyst.functions.ALL","ZohoCatalyst.webapp.ALL","ZohoCatalyst.appsail.Update"]
[debug] [2024-10-23T15:35:52.671Z] : >>>> HTTP REQUEST : GET https://api.catalyst.zoho.com/baas/v1/project/26620000000008078 

[debug] [2024-10-23T15:35:53.925Z] : <<<< HTTP RESPONSE : 200
Response Headers: {"server":"ZGS","date":"Wed, 23 Oct 2024 15:35:53 GMT","content-type":"application/vnd.catalyst.v2+json","transfer-encoding":"chunked","connection":"keep-alive","set-cookie":["zalb_46512fd555=4ead9897700827f973c0f7dbded7f673; Path=/; Secure; HttpOnly","ZD_CSRF_TOKEN=372a35e7-8f19-4ba7-962c-ecc1f5ff4901;path=/;SameSite=None;Secure;priority=high","_zcsr_tmp=372a35e7-8f19-4ba7-962c-ecc1f5ff4901;path=/;SameSite=Strict;Secure;priority=high"],"x-content-type-options":"nosniff","x-xss-protection":"1","cache-control":"private,no-cache,no-store,max-age=0,must-revalidate","pragma":"no-cache","expires":"Thu, 01 Jan 1970 00:00:00 GMT","x-frame-options":"DENY","strict-transport-security":"max-age=63072000"}

[debug] [2024-10-23T15:35:53.929Z] : >>>> HTTP REQUEST : GET https://api.catalyst.zoho.com/baas/v1/project/26620000000008078/environment 

[debug] [2024-10-23T15:35:54.400Z] : <<<< HTTP RESPONSE : 200
Response Headers: {"server":"ZGS","date":"Wed, 23 Oct 2024 15:35:53 GMT","content-type":"application/vnd.catalyst.v2+json","transfer-encoding":"chunked","connection":"keep-alive","set-cookie":["zalb_46512fd555=c3d5ec374d3dc932973a3d50f55d8d00; Path=/; Secure; HttpOnly","ZD_CSRF_TOKEN=a8d384bc-0e2f-47f5-a231-1a15e137863e;path=/;SameSite=None;Secure;priority=high","_zcsr_tmp=a8d384bc-0e2f-47f5-a231-1a15e137863e;path=/;SameSite=Strict;Secure;priority=high"],"x-content-type-options":"nosniff","x-xss-protection":"1","cache-control":"private,no-cache,no-store,max-age=0,must-revalidate","pragma":"no-cache","expires":"Thu, 01 Jan 1970 00:00:00 GMT","x-frame-options":"DENY","strict-transport-security":"max-age=63072000"}

[info] [2024-10-23T15:35:54.519Z] : i Plugin : "zcatalyst-cli-plugin-react" is used for client deploy
[info] [2024-10-23T15:35:54.519Z] : i Building Application...
[info] [2024-10-23T15:35:56.235Z] : [react-plugin]: Creating an optimized production build...
[info] [2024-10-23T15:36:02.214Z] : [react-plugin]: Compiled successfully.

[info] [2024-10-23T15:36:02.215Z] : [react-plugin]: File sizes after gzip:

[info] [2024-10-23T15:36:02.226Z] : [react-plugin]:   52.67 kB (+5 B)  build\static\js\main.fed87bd4.js
[info] [2024-10-23T15:36:02.226Z] : [react-plugin]:   1.67 kB          build\static\js\453.d5dbb212.chunk.js
[info] [2024-10-23T15:36:02.227Z] : [react-plugin]:   929 B            build\static\css\main.d5cef396.css
[info] [2024-10-23T15:36:02.227Z] : [react-plugin]:  
[debug] [2024-10-23T15:36:02.571Z] : >>>> HTTP REQUEST : POST https://api.catalyst.zoho.com/baas/v1/project/26620000000008078/webapp 

[debug] [2024-10-23T15:36:07.212Z] : <<<< HTTP RESPONSE : 200
Response Headers: {"server":"ZGS","date":"Wed, 23 Oct 2024 15:36:06 GMT","content-type":"application/vnd.catalyst.v2+json","transfer-encoding":"chunked","connection":"keep-alive","set-cookie":["zalb_46512fd555=4ead9897700827f973c0f7dbded7f673; Path=/; Secure; HttpOnly","ZD_CSRF_TOKEN=44b89dc0-e5df-4716-a267-a001514bbb46;path=/;SameSite=None;Secure;priority=high","_zcsr_tmp=44b89dc0-e5df-4716-a267-a001514bbb46;path=/;SameSite=Strict;Secure;priority=high"],"x-content-type-options":"nosniff","x-xss-protection":"1","cache-control":"private,no-cache,no-store,max-age=0,must-revalidate","pragma":"no-cache","expires":"Thu, 01 Jan 1970 00:00:00 GMT","x-frame-options":"DENY","strict-transport-security":"max-age=63072000"}

[info] [2024-10-23T15:36:07.214Z] : 
[info] [2024-10-23T15:36:07.215Z] : √ client: deploy successful
[info] [2024-10-23T15:36:07.216Z] : i client: URL => https://logs-dashboard-869583102.development.catalystserverless.com/app/index.html
[info] [2024-10-23T15:36:07.216Z] : 
[info] [2024-10-23T15:36:07.216Z] : √ Catalyst deploy complete!
[debug] [2024-10-23T15:36:07.217Z] : NO ERRORS REGISTERED
[debug] [2024-10-23T15:36:07.217Z] : EXEC ENDED with event: deploy, message: success
[debug] [2024-10-23T15:36:07.217Z] : TOTAL DURATION OF COMMAND EXEC : 14577
[debug] [2024-10-23T15:36:07.225Z] : >>>> HTTP REQUEST : POST https://api.catalyst.zoho.com/baas/v1/cli/logs 
<request body omitted>

[debug] [2024-10-23T15:36:07.828Z] : <<<< HTTP RESPONSE : 200
Response Headers: {"server":"ZGS","date":"Wed, 23 Oct 2024 15:36:07 GMT","content-length":"0","connection":"keep-alive","set-cookie":["zalb_46512fd555=b14009a6059feb83ee8aa1c715a015c5; Path=/; Secure; HttpOnly","ZD_CSRF_TOKEN=27c0200c-d6a2-4947-96dd-84ee2a658531;path=/;SameSite=None;Secure;priority=high","_zcsr_tmp=27c0200c-d6a2-4947-96dd-84ee2a658531;path=/;SameSite=Strict;Secure;priority=high"],"x-content-type-options":"nosniff","x-xss-protection":"1","cache-control":"private,no-cache,no-store,max-age=0,must-revalidate","pragma":"no-cache","expires":"Thu, 01 Jan 1970 00:00:00 GMT","x-frame-options":"DENY","strict-transport-security":"max-age=63072000"}

[debug] [2024-10-23T16:25:55.481Z] : 
[debug] [2024-10-23T16:25:55.483Z] : ----------------------------------------------------------------------
[debug] [2024-10-23T16:25:55.483Z] : Command:      C:\Program Files\nodejs\node.exe C:\Users\BANU\AppData\Roaming\npm\node_modules\zcatalyst-cli\lib\bin\catalyst.js deploy
[debug] [2024-10-23T16:25:55.484Z] : CLI Version:  1.17.6
[debug] [2024-10-23T16:25:55.484Z] : Platform:     win32
[debug] [2024-10-23T16:25:55.484Z] : Node Version: v22.8.0
[debug] [2024-10-23T16:25:55.484Z] : Time:         Wed Oct 23 2024 21:55:55 GMT+0530 (India Standard Time)
[debug] [2024-10-23T16:25:55.484Z] : ----------------------------------------------------------------------
[debug] [2024-10-23T16:25:55.485Z] : 
[debug] [2024-10-23T16:25:56.310Z] : > authorizing via signed-in user option
[debug] [2024-10-23T16:25:56.310Z] : > command requires scopes: ["ZohoCatalyst.projects.ALL","ZohoCatalyst.functions.ALL","ZohoCatalyst.webapp.ALL","ZohoCatalyst.appsail.Update"]
[debug] [2024-10-23T16:25:56.324Z] : > refreshing access token <
[debug] [2024-10-23T16:25:56.326Z] : >>>> HTTP REQUEST : POST https://accounts.zoho.com/oauth/v2/token 
<request body omitted>

[debug] [2024-10-23T16:25:57.894Z] : <<<< HTTP RESPONSE : 200
Response Headers: {"server":"ZGS","date":"Wed, 23 Oct 2024 16:25:56 GMT","content-type":"application/json;charset=UTF-8","content-length":"1949","connection":"keep-alive","set-cookie":["zalb_b266a5bf57=a7f15cb1555106de5ac96d088b72e7c8; Path=/; Secure; HttpOnly","iamcsr=4e9f8b2f-1b6d-4f97-aa0a-b93597d6f5e1;path=/;SameSite=None;Secure;priority=high","_zcsr_tmp=4e9f8b2f-1b6d-4f97-aa0a-b93597d6f5e1;path=/;SameSite=Strict;Secure;priority=high"],"cache-control":"no-store","x-content-type-options":"nosniff","pragma":"no-cache","x-frame-options":"SAMEORIGIN","vary":"accept-encoding","content-language":"en-US","strict-transport-security":"max-age=63072000"}

[debug] [2024-10-23T16:25:57.922Z] : >>>> HTTP REQUEST : GET https://api.catalyst.zoho.com/baas/v1/project/26620000000008078 

[debug] [2024-10-23T16:25:59.324Z] : <<<< HTTP RESPONSE : 200
Response Headers: {"server":"ZGS","date":"Wed, 23 Oct 2024 16:25:58 GMT","content-type":"application/vnd.catalyst.v2+json","transfer-encoding":"chunked","connection":"keep-alive","set-cookie":["zalb_46512fd555=b14009a6059feb83ee8aa1c715a015c5; Path=/; Secure; HttpOnly","ZD_CSRF_TOKEN=abb99691-0e96-4570-8bc5-32dd98f3b351;path=/;SameSite=None;Secure;priority=high","_zcsr_tmp=abb99691-0e96-4570-8bc5-32dd98f3b351;path=/;SameSite=Strict;Secure;priority=high"],"x-content-type-options":"nosniff","x-xss-protection":"1","cache-control":"private,no-cache,no-store,max-age=0,must-revalidate","pragma":"no-cache","expires":"Thu, 01 Jan 1970 00:00:00 GMT","x-frame-options":"DENY","strict-transport-security":"max-age=63072000"}

[debug] [2024-10-23T16:25:59.327Z] : >>>> HTTP REQUEST : GET https://api.catalyst.zoho.com/baas/v1/project/26620000000008078/environment 

[debug] [2024-10-23T16:25:59.803Z] : <<<< HTTP RESPONSE : 200
Response Headers: {"server":"ZGS","date":"Wed, 23 Oct 2024 16:25:58 GMT","content-type":"application/vnd.catalyst.v2+json","transfer-encoding":"chunked","connection":"keep-alive","set-cookie":["zalb_46512fd555=bbdfb771565421abbe10f7a180903d28; Path=/; Secure; HttpOnly","ZD_CSRF_TOKEN=2b6df29d-1c30-4faa-bbc6-cf89b8d5ba35;path=/;SameSite=None;Secure;priority=high","_zcsr_tmp=2b6df29d-1c30-4faa-bbc6-cf89b8d5ba35;path=/;SameSite=Strict;Secure;priority=high"],"x-content-type-options":"nosniff","x-xss-protection":"1","cache-control":"private,no-cache,no-store,max-age=0,must-revalidate","pragma":"no-cache","expires":"Thu, 01 Jan 1970 00:00:00 GMT","x-frame-options":"DENY","strict-transport-security":"max-age=63072000"}

[info] [2024-10-23T16:25:59.931Z] : i Plugin : "zcatalyst-cli-plugin-react" is used for client deploy
[info] [2024-10-23T16:25:59.932Z] : i Building Application...
[info] [2024-10-23T16:26:01.660Z] : [react-plugin]: Creating an optimized production build...
[info] [2024-10-23T16:26:08.697Z] : [react-plugin]: Compiled successfully.

[info] [2024-10-23T16:26:08.698Z] : [react-plugin]: File sizes after gzip:

[info] [2024-10-23T16:26:08.714Z] : [react-plugin]:   52.7 kB (+30 B)  build\static\js\main.b2ee7ff4.js
[info] [2024-10-23T16:26:08.715Z] : [react-plugin]:   1.67 kB          build\static\js\453.d5dbb212.chunk.js
[info] [2024-10-23T16:26:08.716Z] : [react-plugin]:   929 B            build\static\css\main.d5cef396.css
[info] [2024-10-23T16:26:08.717Z] : [react-plugin]:  
[debug] [2024-10-23T16:26:09.162Z] : >>>> HTTP REQUEST : POST https://api.catalyst.zoho.com/baas/v1/project/26620000000008078/webapp 

[debug] [2024-10-23T16:26:13.083Z] : <<<< HTTP RESPONSE : 200
Response Headers: {"server":"ZGS","date":"Wed, 23 Oct 2024 16:26:12 GMT","content-type":"application/vnd.catalyst.v2+json","transfer-encoding":"chunked","connection":"keep-alive","set-cookie":["zalb_46512fd555=4ead9897700827f973c0f7dbded7f673; Path=/; Secure; HttpOnly","ZD_CSRF_TOKEN=0f2677cf-f8d8-4e67-aead-deadeeead522;path=/;SameSite=None;Secure;priority=high","_zcsr_tmp=0f2677cf-f8d8-4e67-aead-deadeeead522;path=/;SameSite=Strict;Secure;priority=high"],"x-content-type-options":"nosniff","x-xss-protection":"1","cache-control":"private,no-cache,no-store,max-age=0,must-revalidate","pragma":"no-cache","expires":"Thu, 01 Jan 1970 00:00:00 GMT","x-frame-options":"DENY","strict-transport-security":"max-age=63072000"}

[info] [2024-10-23T16:26:13.084Z] : 
[info] [2024-10-23T16:26:13.085Z] : √ client: deploy successful
[info] [2024-10-23T16:26:13.085Z] : i client: URL => https://logs-dashboard-869583102.development.catalystserverless.com/app/index.html
[info] [2024-10-23T16:26:13.086Z] : 
[info] [2024-10-23T16:26:13.086Z] : √ Catalyst deploy complete!
[debug] [2024-10-23T16:26:13.086Z] : NO ERRORS REGISTERED
[debug] [2024-10-23T16:26:13.087Z] : EXEC ENDED with event: deploy, message: success
[debug] [2024-10-23T16:26:13.087Z] : TOTAL DURATION OF COMMAND EXEC : 16793
[debug] [2024-10-23T16:26:13.095Z] : >>>> HTTP REQUEST : POST https://api.catalyst.zoho.com/baas/v1/cli/logs 
<request body omitted>

[debug] [2024-10-23T16:26:13.709Z] : <<<< HTTP RESPONSE : 400
Response Headers: {"server":"ZGS","date":"Wed, 23 Oct 2024 16:26:12 GMT","content-type":"application/json;charset=ISO-8859-1","content-length":"147","connection":"keep-alive","set-cookie":["zalb_46512fd555=c3d5ec374d3dc932973a3d50f55d8d00; Path=/; Secure; HttpOnly","ZD_CSRF_TOKEN=f31aa5f6-051a-4781-aa01-29952e26bb1c;path=/;SameSite=None;Secure;priority=high","_zcsr_tmp=f31aa5f6-051a-4781-aa01-29952e26bb1c;path=/;SameSite=Strict;Secure;priority=high","JSESSIONID=49C8C2C55B5CF69B1F89A36330120CF4; Path=/; Secure; HttpOnly"],"x-content-type-options":"nosniff","x-xss-protection":"1","x-frame-options":"DENY","strict-transport-security":"max-age=63072000"}

[debug] [2024-10-23T16:26:13.711Z] : Response Body : {"status":"failure","data":{"error_code":"INPUT_SIZE_MORE_THAN_ALLOWED","message":"Please check if the size of the input is in the correct range"}}

[debug] [2024-10-23T16:26:13.718Z] : Unable to send debug log to server: HTTP Error: 400, Please check if the size of the input is in the correct range
[debug] [2024-10-24T05:46:59.966Z] : 
[debug] [2024-10-24T05:46:59.971Z] : ----------------------------------------------------------------------
[debug] [2024-10-24T05:46:59.971Z] : Command:      C:\Program Files\nodejs\node.exe C:\Users\BANU\AppData\Roaming\npm\node_modules\zcatalyst-cli\lib\bin\catalyst.js deploy
[debug] [2024-10-24T05:46:59.972Z] : CLI Version:  1.17.6
[debug] [2024-10-24T05:46:59.973Z] : Platform:     win32
[debug] [2024-10-24T05:46:59.974Z] : Node Version: v22.8.0
[debug] [2024-10-24T05:46:59.974Z] : Time:         Thu Oct 24 2024 11:16:59 GMT+0530 (India Standard Time)
[debug] [2024-10-24T05:46:59.974Z] : ----------------------------------------------------------------------
[debug] [2024-10-24T05:46:59.974Z] : 
[debug] [2024-10-24T05:47:02.466Z] : > authorizing via signed-in user option
[debug] [2024-10-24T05:47:02.467Z] : > command requires scopes: ["ZohoCatalyst.projects.ALL","ZohoCatalyst.functions.ALL","ZohoCatalyst.webapp.ALL","ZohoCatalyst.appsail.Update"]
[debug] [2024-10-24T05:47:02.505Z] : > refreshing access token <
[debug] [2024-10-24T05:47:02.508Z] : >>>> HTTP REQUEST : POST https://accounts.zoho.com/oauth/v2/token 
<request body omitted>

[debug] [2024-10-24T05:47:03.725Z] : <<<< HTTP RESPONSE : 200
Response Headers: {"server":"ZGS","date":"Thu, 24 Oct 2024 05:47:03 GMT","content-type":"application/json;charset=UTF-8","content-length":"1949","connection":"keep-alive","set-cookie":["zalb_b266a5bf57=a711b6da0e6cbadb5e254290f114a026; Path=/; Secure; HttpOnly","iamcsr=ef88e34a-a03c-44dc-aa1c-01e25f0368dd;path=/;SameSite=None;Secure;priority=high","_zcsr_tmp=ef88e34a-a03c-44dc-aa1c-01e25f0368dd;path=/;SameSite=Strict;Secure;priority=high"],"cache-control":"no-store","x-content-type-options":"nosniff","pragma":"no-cache","x-frame-options":"SAMEORIGIN","vary":"accept-encoding","content-language":"en-US","strict-transport-security":"max-age=63072000"}

[debug] [2024-10-24T05:47:03.761Z] : >>>> HTTP REQUEST : GET https://api.catalyst.zoho.com/baas/v1/project/26620000000008078 

[debug] [2024-10-24T05:47:05.559Z] : <<<< HTTP RESPONSE : 200
Response Headers: {"server":"ZGS","date":"Thu, 24 Oct 2024 05:47:04 GMT","content-type":"application/vnd.catalyst.v2+json","transfer-encoding":"chunked","connection":"keep-alive","set-cookie":["zalb_46512fd555=4ead9897700827f973c0f7dbded7f673; Path=/; Secure; HttpOnly","ZD_CSRF_TOKEN=0fd13569-111b-41a5-aa80-12911e1c8bae;path=/;SameSite=None;Secure;priority=high","_zcsr_tmp=0fd13569-111b-41a5-aa80-12911e1c8bae;path=/;SameSite=Strict;Secure;priority=high"],"x-content-type-options":"nosniff","x-xss-protection":"1","cache-control":"private,no-cache,no-store,max-age=0,must-revalidate","pragma":"no-cache","expires":"Thu, 01 Jan 1970 00:00:00 GMT","x-frame-options":"DENY","strict-transport-security":"max-age=63072000"}

[debug] [2024-10-24T05:47:05.566Z] : >>>> HTTP REQUEST : GET https://api.catalyst.zoho.com/baas/v1/project/26620000000008078/environment 

[debug] [2024-10-24T05:47:05.968Z] : <<<< HTTP RESPONSE : 200
Response Headers: {"server":"ZGS","date":"Thu, 24 Oct 2024 05:47:05 GMT","content-type":"application/vnd.catalyst.v2+json","transfer-encoding":"chunked","connection":"keep-alive","set-cookie":["zalb_46512fd555=b14009a6059feb83ee8aa1c715a015c5; Path=/; Secure; HttpOnly","ZD_CSRF_TOKEN=b8b2ee52-fcf8-4192-b5d4-cc610b1a0b27;path=/;SameSite=None;Secure;priority=high","_zcsr_tmp=b8b2ee52-fcf8-4192-b5d4-cc610b1a0b27;path=/;SameSite=Strict;Secure;priority=high"],"x-content-type-options":"nosniff","x-xss-protection":"1","cache-control":"private,no-cache,no-store,max-age=0,must-revalidate","pragma":"no-cache","expires":"Thu, 01 Jan 1970 00:00:00 GMT","x-frame-options":"DENY","strict-transport-security":"max-age=63072000"}

[info] [2024-10-24T05:47:06.280Z] : i Plugin : "zcatalyst-cli-plugin-react" is used for client deploy
[info] [2024-10-24T05:47:06.281Z] : i Building Application...
[info] [2024-10-24T05:47:08.908Z] : [react-plugin]: Creating an optimized production build...
[info] [2024-10-24T05:47:18.095Z] : [react-plugin]: Compiled successfully.

[info] [2024-10-24T05:47:18.096Z] : [react-plugin]: File sizes after gzip:

[info] [2024-10-24T05:47:18.124Z] : [react-plugin]:   52.68 kB (-24 B)  build\static\js\main.adc5e34d.js
[info] [2024-10-24T05:47:18.126Z] : [react-plugin]:   1.67 kB           build\static\js\453.d5dbb212.chunk.js
[info] [2024-10-24T05:47:18.127Z] : [react-plugin]:   929 B             build\static\css\main.d5cef396.css
[info] [2024-10-24T05:47:18.128Z] : [react-plugin]:  
[debug] [2024-10-24T05:47:18.692Z] : >>>> HTTP REQUEST : POST https://api.catalyst.zoho.com/baas/v1/project/26620000000008078/webapp 

[debug] [2024-10-24T05:47:23.297Z] : <<<< HTTP RESPONSE : 200
Response Headers: {"server":"ZGS","date":"Thu, 24 Oct 2024 05:47:22 GMT","content-type":"application/vnd.catalyst.v2+json","transfer-encoding":"chunked","connection":"keep-alive","set-cookie":["zalb_46512fd555=c3d5ec374d3dc932973a3d50f55d8d00; Path=/; Secure; HttpOnly","ZD_CSRF_TOKEN=11f8af9b-7b27-4da1-9624-6b131e4a6a5b;path=/;SameSite=None;Secure;priority=high","_zcsr_tmp=11f8af9b-7b27-4da1-9624-6b131e4a6a5b;path=/;SameSite=Strict;Secure;priority=high"],"x-content-type-options":"nosniff","x-xss-protection":"1","cache-control":"private,no-cache,no-store,max-age=0,must-revalidate","pragma":"no-cache","expires":"Thu, 01 Jan 1970 00:00:00 GMT","x-frame-options":"DENY","strict-transport-security":"max-age=63072000"}

[info] [2024-10-24T05:47:23.305Z] : 
[info] [2024-10-24T05:47:23.308Z] : √ client: deploy successful
[info] [2024-10-24T05:47:23.309Z] : i client: URL => https://logs-dashboard-869583102.development.catalystserverless.com/app/index.html
[info] [2024-10-24T05:47:23.310Z] : 
[info] [2024-10-24T05:47:23.312Z] : √ Catalyst deploy complete!
[debug] [2024-10-24T05:47:23.313Z] : NO ERRORS REGISTERED
[debug] [2024-10-24T05:47:23.315Z] : EXEC ENDED with event: deploy, message: success
[debug] [2024-10-24T05:47:23.315Z] : TOTAL DURATION OF COMMAND EXEC : 20888
[debug] [2024-10-24T05:47:23.354Z] : >>>> HTTP REQUEST : POST https://api.catalyst.zoho.com/baas/v1/cli/logs 
<request body omitted>

[debug] [2024-10-24T05:47:24.551Z] : <<<< HTTP RESPONSE : 400
Response Headers: {"server":"ZGS","date":"Thu, 24 Oct 2024 05:47:24 GMT","content-type":"application/json;charset=ISO-8859-1","content-length":"147","connection":"keep-alive","set-cookie":["zalb_46512fd555=bbdfb771565421abbe10f7a180903d28; Path=/; Secure; HttpOnly","ZD_CSRF_TOKEN=24662765-bd69-470d-bb36-09ef151ec368;path=/;SameSite=None;Secure;priority=high","_zcsr_tmp=24662765-bd69-470d-bb36-09ef151ec368;path=/;SameSite=Strict;Secure;priority=high","JSESSIONID=B3E49EB5AA3C6111ECCA1AAABA065994; Path=/; Secure; HttpOnly"],"x-content-type-options":"nosniff","x-xss-protection":"1","x-frame-options":"DENY","strict-transport-security":"max-age=63072000"}

[debug] [2024-10-24T05:47:24.553Z] : Response Body : {"status":"failure","data":{"error_code":"INPUT_SIZE_MORE_THAN_ALLOWED","message":"Please check if the size of the input is in the correct range"}}

[debug] [2024-10-24T05:47:24.560Z] : Unable to send debug log to server: HTTP Error: 400, Please check if the size of the input is in the correct range
[debug] [2024-10-24T10:53:16.879Z] : 
[debug] [2024-10-24T10:53:16.881Z] : ----------------------------------------------------------------------
[debug] [2024-10-24T10:53:16.881Z] : Command:      C:\Program Files\nodejs\node.exe C:\Users\BANU\AppData\Roaming\npm\node_modules\zcatalyst-cli\lib\bin\catalyst.js deploy
[debug] [2024-10-24T10:53:16.882Z] : CLI Version:  1.17.6
[debug] [2024-10-24T10:53:16.882Z] : Platform:     win32
[debug] [2024-10-24T10:53:16.882Z] : Node Version: v22.8.0
[debug] [2024-10-24T10:53:16.882Z] : Time:         Thu Oct 24 2024 16:23:16 GMT+0530 (India Standard Time)
[debug] [2024-10-24T10:53:16.883Z] : ----------------------------------------------------------------------
[debug] [2024-10-24T10:53:16.883Z] : 
[debug] [2024-10-24T10:53:17.983Z] : > authorizing via signed-in user option
[debug] [2024-10-24T10:53:17.984Z] : > command requires scopes: ["ZohoCatalyst.projects.ALL","ZohoCatalyst.functions.ALL","ZohoCatalyst.webapp.ALL","ZohoCatalyst.appsail.Update"]
[debug] [2024-10-24T10:53:17.998Z] : > refreshing access token <
[debug] [2024-10-24T10:53:17.999Z] : >>>> HTTP REQUEST : POST https://accounts.zoho.com/oauth/v2/token 
<request body omitted>

[debug] [2024-10-24T10:53:19.474Z] : <<<< HTTP RESPONSE : 200
Response Headers: {"server":"ZGS","date":"Thu, 24 Oct 2024 10:53:18 GMT","content-type":"application/json;charset=UTF-8","content-length":"1949","connection":"keep-alive","set-cookie":["zalb_b266a5bf57=a711b6da0e6cbadb5e254290f114a026; Path=/; Secure; HttpOnly","iamcsr=1818dab4-c540-46e2-9602-976d4bebd312;path=/;SameSite=None;Secure;priority=high","_zcsr_tmp=1818dab4-c540-46e2-9602-976d4bebd312;path=/;SameSite=Strict;Secure;priority=high"],"cache-control":"no-store","x-content-type-options":"nosniff","pragma":"no-cache","x-frame-options":"SAMEORIGIN","vary":"accept-encoding","content-language":"en-US","strict-transport-security":"max-age=63072000"}

[debug] [2024-10-24T10:53:19.500Z] : >>>> HTTP REQUEST : GET https://api.catalyst.zoho.com/baas/v1/project/26620000000008078 

[debug] [2024-10-24T10:53:20.611Z] : <<<< HTTP RESPONSE : 200
Response Headers: {"server":"ZGS","date":"Thu, 24 Oct 2024 10:53:19 GMT","content-type":"application/vnd.catalyst.v2+json","transfer-encoding":"chunked","connection":"keep-alive","set-cookie":["zalb_46512fd555=bbdfb771565421abbe10f7a180903d28; Path=/; Secure; HttpOnly","ZD_CSRF_TOKEN=6cf8881a-d960-499b-b910-fb0dec1965af;path=/;SameSite=None;Secure;priority=high","_zcsr_tmp=6cf8881a-d960-499b-b910-fb0dec1965af;path=/;SameSite=Strict;Secure;priority=high"],"x-content-type-options":"nosniff","x-xss-protection":"1","cache-control":"private,no-cache,no-store,max-age=0,must-revalidate","pragma":"no-cache","expires":"Thu, 01 Jan 1970 00:00:00 GMT","x-frame-options":"DENY","strict-transport-security":"max-age=63072000"}

[debug] [2024-10-24T10:53:20.618Z] : >>>> HTTP REQUEST : GET https://api.catalyst.zoho.com/baas/v1/project/26620000000008078/environment 

[debug] [2024-10-24T10:53:21.029Z] : <<<< HTTP RESPONSE : 200
Response Headers: {"server":"ZGS","date":"Thu, 24 Oct 2024 10:53:19 GMT","content-type":"application/vnd.catalyst.v2+json","transfer-encoding":"chunked","connection":"keep-alive","set-cookie":["zalb_46512fd555=4ead9897700827f973c0f7dbded7f673; Path=/; Secure; HttpOnly","ZD_CSRF_TOKEN=a9d7ae2d-8579-4de8-ab5d-52932f516db8;path=/;SameSite=None;Secure;priority=high","_zcsr_tmp=a9d7ae2d-8579-4de8-ab5d-52932f516db8;path=/;SameSite=Strict;Secure;priority=high"],"x-content-type-options":"nosniff","x-xss-protection":"1","cache-control":"private,no-cache,no-store,max-age=0,must-revalidate","pragma":"no-cache","expires":"Thu, 01 Jan 1970 00:00:00 GMT","x-frame-options":"DENY","strict-transport-security":"max-age=63072000"}

[info] [2024-10-24T10:53:21.188Z] : i Plugin : "zcatalyst-cli-plugin-react" is used for client deploy
[info] [2024-10-24T10:53:21.188Z] : i Building Application...
[info] [2024-10-24T10:53:23.603Z] : [react-plugin]: Creating an optimized production build...
[info] [2024-10-24T10:53:32.521Z] : [react-plugin]: Compiled successfully.

[info] [2024-10-24T10:53:32.522Z] : [react-plugin]: File sizes after gzip:

[info] [2024-10-24T10:53:32.532Z] : [react-plugin]:   53.12 kB (+445 B)  build\static\js\main.da9ad6c3.js
[info] [2024-10-24T10:53:32.533Z] : [react-plugin]:   1.67 kB            build\static\js\453.d5dbb212.chunk.js
[info] [2024-10-24T10:53:32.533Z] : [react-plugin]:   838 B (-91 B)      build\static\css\main.6ac0a272.css
[info] [2024-10-24T10:53:32.534Z] : [react-plugin]:  
[debug] [2024-10-24T10:53:32.838Z] : >>>> HTTP REQUEST : POST https://api.catalyst.zoho.com/baas/v1/project/26620000000008078/webapp 

[debug] [2024-10-24T10:53:37.036Z] : <<<< HTTP RESPONSE : 200
Response Headers: {"server":"ZGS","date":"Thu, 24 Oct 2024 10:53:35 GMT","content-type":"application/vnd.catalyst.v2+json","transfer-encoding":"chunked","connection":"keep-alive","set-cookie":["zalb_46512fd555=4ead9897700827f973c0f7dbded7f673; Path=/; Secure; HttpOnly","ZD_CSRF_TOKEN=3236ea64-b3e6-4364-90c4-d403a01ca4cf;path=/;SameSite=None;Secure;priority=high","_zcsr_tmp=3236ea64-b3e6-4364-90c4-d403a01ca4cf;path=/;SameSite=Strict;Secure;priority=high"],"x-content-type-options":"nosniff","x-xss-protection":"1","cache-control":"private,no-cache,no-store,max-age=0,must-revalidate","pragma":"no-cache","expires":"Thu, 01 Jan 1970 00:00:00 GMT","x-frame-options":"DENY","strict-transport-security":"max-age=63072000"}

[info] [2024-10-24T10:53:37.043Z] : 
[info] [2024-10-24T10:53:37.044Z] : √ client: deploy successful
[info] [2024-10-24T10:53:37.045Z] : i client: URL => https://logs-dashboard-869583102.development.catalystserverless.com/app/index.html
[info] [2024-10-24T10:53:37.046Z] : 
[info] [2024-10-24T10:53:37.047Z] : √ Catalyst deploy complete!
[debug] [2024-10-24T10:53:37.047Z] : NO ERRORS REGISTERED
[debug] [2024-10-24T10:53:37.048Z] : EXEC ENDED with event: deploy, message: success
[debug] [2024-10-24T10:53:37.048Z] : TOTAL DURATION OF COMMAND EXEC : 19084
[debug] [2024-10-24T10:53:37.062Z] : >>>> HTTP REQUEST : POST https://api.catalyst.zoho.com/baas/v1/cli/logs 
<request body omitted>

[debug] [2024-10-24T10:53:37.944Z] : <<<< HTTP RESPONSE : 400
Response Headers: {"server":"ZGS","date":"Thu, 24 Oct 2024 10:53:36 GMT","content-type":"application/json;charset=ISO-8859-1","content-length":"147","connection":"keep-alive","set-cookie":["zalb_46512fd555=c3d5ec374d3dc932973a3d50f55d8d00; Path=/; Secure; HttpOnly","ZD_CSRF_TOKEN=d60f467d-66b6-4fdd-b512-2a497f99ace1;path=/;SameSite=None;Secure;priority=high","_zcsr_tmp=d60f467d-66b6-4fdd-b512-2a497f99ace1;path=/;SameSite=Strict;Secure;priority=high","JSESSIONID=B713AEF8F71EF3BA34C6D67AEC72F676; Path=/; Secure; HttpOnly"],"x-content-type-options":"nosniff","x-xss-protection":"1","x-frame-options":"DENY","strict-transport-security":"max-age=63072000"}

[debug] [2024-10-24T10:53:37.945Z] : Response Body : {"status":"failure","data":{"error_code":"INPUT_SIZE_MORE_THAN_ALLOWED","message":"Please check if the size of the input is in the correct range"}}

[debug] [2024-10-24T10:53:37.949Z] : Unable to send debug log to server: HTTP Error: 400, Please check if the size of the input is in the correct range
[debug] [2024-10-24T11:02:44.906Z] : 
[debug] [2024-10-24T11:02:44.908Z] : ----------------------------------------------------------------------
[debug] [2024-10-24T11:02:44.908Z] : Command:      C:\Program Files\nodejs\node.exe C:\Users\BANU\AppData\Roaming\npm\node_modules\zcatalyst-cli\lib\bin\catalyst.js deploy
[debug] [2024-10-24T11:02:44.909Z] : CLI Version:  1.17.6
[debug] [2024-10-24T11:02:44.909Z] : Platform:     win32
[debug] [2024-10-24T11:02:44.910Z] : Node Version: v22.8.0
[debug] [2024-10-24T11:02:44.910Z] : Time:         Thu Oct 24 2024 16:32:44 GMT+0530 (India Standard Time)
[debug] [2024-10-24T11:02:44.910Z] : ----------------------------------------------------------------------
[debug] [2024-10-24T11:02:44.910Z] : 
[debug] [2024-10-24T11:02:45.712Z] : > authorizing via signed-in user option
[debug] [2024-10-24T11:02:45.712Z] : > command requires scopes: ["ZohoCatalyst.projects.ALL","ZohoCatalyst.functions.ALL","ZohoCatalyst.webapp.ALL","ZohoCatalyst.appsail.Update"]
[debug] [2024-10-24T11:02:45.727Z] : >>>> HTTP REQUEST : GET https://api.catalyst.zoho.com/baas/v1/project/26620000000008078 

[debug] [2024-10-24T11:02:46.903Z] : <<<< HTTP RESPONSE : 200
Response Headers: {"server":"ZGS","date":"Thu, 24 Oct 2024 11:02:45 GMT","content-type":"application/vnd.catalyst.v2+json","transfer-encoding":"chunked","connection":"keep-alive","set-cookie":["zalb_46512fd555=4ead9897700827f973c0f7dbded7f673; Path=/; Secure; HttpOnly","ZD_CSRF_TOKEN=fdbe0dec-c457-45b1-af14-b81556df4c59;path=/;SameSite=None;Secure;priority=high","_zcsr_tmp=fdbe0dec-c457-45b1-af14-b81556df4c59;path=/;SameSite=Strict;Secure;priority=high"],"x-content-type-options":"nosniff","x-xss-protection":"1","cache-control":"private,no-cache,no-store,max-age=0,must-revalidate","pragma":"no-cache","expires":"Thu, 01 Jan 1970 00:00:00 GMT","x-frame-options":"DENY","strict-transport-security":"max-age=63072000"}

[debug] [2024-10-24T11:02:46.917Z] : >>>> HTTP REQUEST : GET https://api.catalyst.zoho.com/baas/v1/project/26620000000008078/environment 

[debug] [2024-10-24T11:02:47.324Z] : <<<< HTTP RESPONSE : 200
Response Headers: {"server":"ZGS","date":"Thu, 24 Oct 2024 11:02:45 GMT","content-type":"application/vnd.catalyst.v2+json","transfer-encoding":"chunked","connection":"keep-alive","set-cookie":["zalb_46512fd555=c3d5ec374d3dc932973a3d50f55d8d00; Path=/; Secure; HttpOnly","ZD_CSRF_TOKEN=72c023b7-7dab-4979-8f19-9d5c99b835e7;path=/;SameSite=None;Secure;priority=high","_zcsr_tmp=72c023b7-7dab-4979-8f19-9d5c99b835e7;path=/;SameSite=Strict;Secure;priority=high"],"x-content-type-options":"nosniff","x-xss-protection":"1","cache-control":"private,no-cache,no-store,max-age=0,must-revalidate","pragma":"no-cache","expires":"Thu, 01 Jan 1970 00:00:00 GMT","x-frame-options":"DENY","strict-transport-security":"max-age=63072000"}

[info] [2024-10-24T11:02:47.458Z] : i Plugin : "zcatalyst-cli-plugin-react" is used for client deploy
[info] [2024-10-24T11:02:47.458Z] : i Building Application...
[info] [2024-10-24T11:02:48.985Z] : [react-plugin]: Creating an optimized production build...
[info] [2024-10-24T11:02:54.566Z] : [react-plugin]: Compiled successfully.

[info] [2024-10-24T11:02:54.566Z] : [react-plugin]: File sizes after gzip:

[info] [2024-10-24T11:02:54.576Z] : [react-plugin]:   53.13 kB (+9 B)  build\static\js\main.0c69fbb9.js
[info] [2024-10-24T11:02:54.576Z] : [react-plugin]:   1.67 kB          build\static\js\453.d5dbb212.chunk.js
[info] [2024-10-24T11:02:54.577Z] : [react-plugin]:   838 B            build\static\css\main.6ac0a272.css
[info] [2024-10-24T11:02:54.577Z] : [react-plugin]:  
[debug] [2024-10-24T11:02:54.876Z] : >>>> HTTP REQUEST : POST https://api.catalyst.zoho.com/baas/v1/project/26620000000008078/webapp 

[debug] [2024-10-24T11:02:58.688Z] : <<<< HTTP RESPONSE : 200
Response Headers: {"server":"ZGS","date":"Thu, 24 Oct 2024 11:02:57 GMT","content-type":"application/vnd.catalyst.v2+json","transfer-encoding":"chunked","connection":"keep-alive","set-cookie":["zalb_46512fd555=4ead9897700827f973c0f7dbded7f673; Path=/; Secure; HttpOnly","ZD_CSRF_TOKEN=54dda76e-ed52-4794-9a64-aab129470946;path=/;SameSite=None;Secure;priority=high","_zcsr_tmp=54dda76e-ed52-4794-9a64-aab129470946;path=/;SameSite=Strict;Secure;priority=high"],"x-content-type-options":"nosniff","x-xss-protection":"1","cache-control":"private,no-cache,no-store,max-age=0,must-revalidate","pragma":"no-cache","expires":"Thu, 01 Jan 1970 00:00:00 GMT","x-frame-options":"DENY","strict-transport-security":"max-age=63072000"}

[info] [2024-10-24T11:02:58.696Z] : 
[info] [2024-10-24T11:02:58.699Z] : √ client: deploy successful
[info] [2024-10-24T11:02:58.701Z] : i client: URL => https://logs-dashboard-869583102.development.catalystserverless.com/app/index.html
[info] [2024-10-24T11:02:58.702Z] : 
[info] [2024-10-24T11:02:58.704Z] : √ Catalyst deploy complete!
[debug] [2024-10-24T11:02:58.705Z] : NO ERRORS REGISTERED
[debug] [2024-10-24T11:02:58.707Z] : EXEC ENDED with event: deploy, message: success
[debug] [2024-10-24T11:02:58.707Z] : TOTAL DURATION OF COMMAND EXEC : 13009
[debug] [2024-10-24T11:02:58.748Z] : >>>> HTTP REQUEST : POST https://api.catalyst.zoho.com/baas/v1/cli/logs 
<request body omitted>

[debug] [2024-10-24T11:02:59.429Z] : <<<< HTTP RESPONSE : 400
Response Headers: {"server":"ZGS","date":"Thu, 24 Oct 2024 11:02:58 GMT","content-type":"application/json;charset=ISO-8859-1","content-length":"147","connection":"keep-alive","set-cookie":["zalb_46512fd555=c3d5ec374d3dc932973a3d50f55d8d00; Path=/; Secure; HttpOnly","ZD_CSRF_TOKEN=4545fd8c-e634-4e3f-91ed-354aca5e22eb;path=/;SameSite=None;Secure;priority=high","_zcsr_tmp=4545fd8c-e634-4e3f-91ed-354aca5e22eb;path=/;SameSite=Strict;Secure;priority=high","JSESSIONID=34E503500083DFA3517EF4463E9D45FB; Path=/; Secure; HttpOnly"],"x-content-type-options":"nosniff","x-xss-protection":"1","x-frame-options":"DENY","strict-transport-security":"max-age=63072000"}

[debug] [2024-10-24T11:02:59.431Z] : Response Body : {"status":"failure","data":{"error_code":"INPUT_SIZE_MORE_THAN_ALLOWED","message":"Please check if the size of the input is in the correct range"}}

[debug] [2024-10-24T11:02:59.438Z] : Unable to send debug log to server: HTTP Error: 400, Please check if the size of the input is in the correct range
[debug] [2024-10-24T12:01:29.708Z] : 
[debug] [2024-10-24T12:01:29.710Z] : ----------------------------------------------------------------------
[debug] [2024-10-24T12:01:29.710Z] : Command:      C:\Program Files\nodejs\node.exe C:\Users\BANU\AppData\Roaming\npm\node_modules\zcatalyst-cli\lib\bin\catalyst.js deploy
[debug] [2024-10-24T12:01:29.711Z] : CLI Version:  1.17.6
[debug] [2024-10-24T12:01:29.711Z] : Platform:     win32
[debug] [2024-10-24T12:01:29.711Z] : Node Version: v22.8.0
[debug] [2024-10-24T12:01:29.711Z] : Time:         Thu Oct 24 2024 17:31:29 GMT+0530 (India Standard Time)
[debug] [2024-10-24T12:01:29.712Z] : ----------------------------------------------------------------------
[debug] [2024-10-24T12:01:29.712Z] : 
[debug] [2024-10-24T12:01:30.761Z] : > authorizing via signed-in user option
[debug] [2024-10-24T12:01:30.762Z] : > command requires scopes: ["ZohoCatalyst.projects.ALL","ZohoCatalyst.functions.ALL","ZohoCatalyst.webapp.ALL","ZohoCatalyst.appsail.Update"]
[debug] [2024-10-24T12:01:30.784Z] : > refreshing access token <
[debug] [2024-10-24T12:01:30.786Z] : >>>> HTTP REQUEST : POST https://accounts.zoho.com/oauth/v2/token 
<request body omitted>

[debug] [2024-10-24T12:01:32.217Z] : <<<< HTTP RESPONSE : 200
Response Headers: {"server":"ZGS","date":"Thu, 24 Oct 2024 12:01:30 GMT","content-type":"application/json;charset=UTF-8","content-length":"1949","connection":"keep-alive","set-cookie":["zalb_b266a5bf57=a7f15cb1555106de5ac96d088b72e7c8; Path=/; Secure; HttpOnly","iamcsr=724dca2c-fca0-427c-b5ad-4147293a0597;path=/;SameSite=None;Secure;priority=high","_zcsr_tmp=724dca2c-fca0-427c-b5ad-4147293a0597;path=/;SameSite=Strict;Secure;priority=high"],"cache-control":"no-store","x-content-type-options":"nosniff","pragma":"no-cache","x-frame-options":"SAMEORIGIN","vary":"accept-encoding","content-language":"en-US","strict-transport-security":"max-age=63072000"}

[debug] [2024-10-24T12:01:32.231Z] : >>>> HTTP REQUEST : GET https://api.catalyst.zoho.com/baas/v1/project/26620000000008078 

[debug] [2024-10-24T12:01:33.433Z] : <<<< HTTP RESPONSE : 200
Response Headers: {"server":"ZGS","date":"Thu, 24 Oct 2024 12:01:31 GMT","content-type":"application/vnd.catalyst.v2+json","transfer-encoding":"chunked","connection":"keep-alive","set-cookie":["zalb_46512fd555=bbdfb771565421abbe10f7a180903d28; Path=/; Secure; HttpOnly","ZD_CSRF_TOKEN=a0853686-1ffa-4f66-b0b9-bf1151ec7bbf;path=/;SameSite=None;Secure;priority=high","_zcsr_tmp=a0853686-1ffa-4f66-b0b9-bf1151ec7bbf;path=/;SameSite=Strict;Secure;priority=high"],"x-content-type-options":"nosniff","x-xss-protection":"1","cache-control":"private,no-cache,no-store,max-age=0,must-revalidate","pragma":"no-cache","expires":"Thu, 01 Jan 1970 00:00:00 GMT","x-frame-options":"DENY","strict-transport-security":"max-age=63072000"}

[debug] [2024-10-24T12:01:33.436Z] : >>>> HTTP REQUEST : GET https://api.catalyst.zoho.com/baas/v1/project/26620000000008078/environment 

[debug] [2024-10-24T12:01:33.823Z] : <<<< HTTP RESPONSE : 200
Response Headers: {"server":"ZGS","date":"Thu, 24 Oct 2024 12:01:32 GMT","content-type":"application/vnd.catalyst.v2+json","transfer-encoding":"chunked","connection":"keep-alive","set-cookie":["zalb_46512fd555=c3d5ec374d3dc932973a3d50f55d8d00; Path=/; Secure; HttpOnly","ZD_CSRF_TOKEN=b18526ac-6d17-41cb-b8ef-911773581491;path=/;SameSite=None;Secure;priority=high","_zcsr_tmp=b18526ac-6d17-41cb-b8ef-911773581491;path=/;SameSite=Strict;Secure;priority=high"],"x-content-type-options":"nosniff","x-xss-protection":"1","cache-control":"private,no-cache,no-store,max-age=0,must-revalidate","pragma":"no-cache","expires":"Thu, 01 Jan 1970 00:00:00 GMT","x-frame-options":"DENY","strict-transport-security":"max-age=63072000"}

[info] [2024-10-24T12:01:34.001Z] : i Plugin : "zcatalyst-cli-plugin-react" is used for client deploy
[info] [2024-10-24T12:01:34.001Z] : i Building Application...
[info] [2024-10-24T12:01:36.166Z] : [react-plugin]: Creating an optimized production build...
[info] [2024-10-24T12:01:42.707Z] : [react-plugin]: Compiled successfully.

[info] [2024-10-24T12:01:42.707Z] : [react-plugin]: File sizes after gzip:

[info] [2024-10-24T12:01:42.720Z] : [react-plugin]:   53.24 kB (+102 B)  build\static\js\main.d20faf4c.js
[info] [2024-10-24T12:01:42.721Z] : [react-plugin]:   1.67 kB            build\static\js\453.d5dbb212.chunk.js
[info] [2024-10-24T12:01:42.721Z] : [react-plugin]:   838 B              build\static\css\main.6ac0a272.css
[info] [2024-10-24T12:01:42.722Z] : [react-plugin]:  
[debug] [2024-10-24T12:01:43.071Z] : >>>> HTTP REQUEST : POST https://api.catalyst.zoho.com/baas/v1/project/26620000000008078/webapp 

[debug] [2024-10-24T12:01:47.708Z] : <<<< HTTP RESPONSE : 200
Response Headers: {"server":"ZGS","date":"Thu, 24 Oct 2024 12:01:45 GMT","content-type":"application/vnd.catalyst.v2+json","transfer-encoding":"chunked","connection":"keep-alive","set-cookie":["zalb_46512fd555=c3d5ec374d3dc932973a3d50f55d8d00; Path=/; Secure; HttpOnly","ZD_CSRF_TOKEN=094c0fd8-3a45-4998-8f32-b4a6a77ecdba;path=/;SameSite=None;Secure;priority=high","_zcsr_tmp=094c0fd8-3a45-4998-8f32-b4a6a77ecdba;path=/;SameSite=Strict;Secure;priority=high"],"x-content-type-options":"nosniff","x-xss-protection":"1","cache-control":"private,no-cache,no-store,max-age=0,must-revalidate","pragma":"no-cache","expires":"Thu, 01 Jan 1970 00:00:00 GMT","x-frame-options":"DENY","strict-transport-security":"max-age=63072000"}

[info] [2024-10-24T12:01:47.714Z] : 
[info] [2024-10-24T12:01:47.717Z] : √ client: deploy successful
[info] [2024-10-24T12:01:47.718Z] : i client: URL => https://logs-dashboard-869583102.development.catalystserverless.com/app/index.html
[info] [2024-10-24T12:01:47.720Z] : 
[info] [2024-10-24T12:01:47.721Z] : √ Catalyst deploy complete!
[debug] [2024-10-24T12:01:47.722Z] : NO ERRORS REGISTERED
[debug] [2024-10-24T12:01:47.724Z] : EXEC ENDED with event: deploy, message: success
[debug] [2024-10-24T12:01:47.724Z] : TOTAL DURATION OF COMMAND EXEC : 16986
[debug] [2024-10-24T12:01:47.761Z] : >>>> HTTP REQUEST : POST https://api.catalyst.zoho.com/baas/v1/cli/logs 
<request body omitted>

[debug] [2024-10-24T12:01:48.231Z] : <<<< HTTP RESPONSE : 400
Response Headers: {"server":"ZGS","date":"Thu, 24 Oct 2024 12:01:46 GMT","content-type":"application/json;charset=ISO-8859-1","content-length":"147","connection":"keep-alive","set-cookie":["zalb_46512fd555=c3d5ec374d3dc932973a3d50f55d8d00; Path=/; Secure; HttpOnly","ZD_CSRF_TOKEN=1ab604a5-f71b-47c8-b72d-0110674b4f96;path=/;SameSite=None;Secure;priority=high","_zcsr_tmp=1ab604a5-f71b-47c8-b72d-0110674b4f96;path=/;SameSite=Strict;Secure;priority=high","JSESSIONID=6923EC61C20567435E1658354A8A471F; Path=/; Secure; HttpOnly"],"x-content-type-options":"nosniff","x-xss-protection":"1","x-frame-options":"DENY","strict-transport-security":"max-age=63072000"}

[debug] [2024-10-24T12:01:48.232Z] : Response Body : {"status":"failure","data":{"error_code":"INPUT_SIZE_MORE_THAN_ALLOWED","message":"Please check if the size of the input is in the correct range"}}

[debug] [2024-10-24T12:01:48.238Z] : Unable to send debug log to server: HTTP Error: 400, Please check if the size of the input is in the correct range
